<?xml version="1.0" encoding="UTF-8"?>
<testng-results skipped="0" failed="0" total="1" passed="1">
  <reporter-output>
  </reporter-output>
  <suite name="Default suite" duration-ms="26969" started-at="2018-02-02T12:49:59Z" finished-at="2018-02-02T12:50:26Z">
    <groups>
    </groups>
    <test name="Default test" duration-ms="26969" started-at="2018-02-02T12:49:59Z" finished-at="2018-02-02T12:50:26Z">
      <class name="TestCases.Expedia">
        <test-method status="PASS" signature="initiateDriverInstance()[pri:0, instance:TestCases.Expedia@d62f43]" name="initiateDriverInstance" is-config="true" duration-ms="22231" started-at="2018-02-02T18:19:59Z" finished-at="2018-02-02T18:20:21Z">
          <reporter-output>
          </reporter-output>
        </test-method> <!-- initiateDriverInstance -->
        <test-method status="PASS" signature="hotelReservation()[pri:0, instance:TestCases.Expedia@d62f43]" name="hotelReservation" duration-ms="2712" started-at="2018-02-02T18:20:21Z" finished-at="2018-02-02T18:20:24Z">
          <reporter-output>
          </reporter-output>
        </test-method> <!-- hotelReservation -->
        <test-method status="PASS" signature="closeDriverInstance()[pri:0, instance:TestCases.Expedia@d62f43]" name="closeDriverInstance" is-config="true" duration-ms="1992" started-at="2018-02-02T18:20:24Z" finished-at="2018-02-02T18:20:26Z">
          <reporter-output>
          </reporter-output>
        </test-method> <!-- closeDriverInstance -->
      </class> <!-- TestCases.Expedia -->
    </test> <!-- Default test -->
  </suite> <!-- Default suite -->
</testng-results>
